#
# There is insufficient memory for the Java Runtime Environment to continue.
# Native memory allocation (malloc) failed to allocate 1076016 bytes for Chunk::new
# Possible reasons:
#   The system is out of physical RAM or swap space
#   The process is running with CompressedOops enabled, and the Java Heap may be blocking the growth of the native heap
# Possible solutions:
#   Reduce memory load on the system
#   Increase physical memory or swap space
#   Check if swap backing store is full
#   Decrease Java heap size (-Xmx/-Xms)
#   Decrease number of Java threads
#   Decrease Java thread stack sizes (-Xss)
#   Set larger code cache with -XX:ReservedCodeCacheSize=
#   JVM is running with Unscaled Compressed Oops mode in which the Java heap is
#     placed in the first 4GB address space. The Java Heap base address is the
#     maximum limit for the native heap growth. Please use -XX:HeapBaseMinAddress
#     to set the Java Heap base and to place the Java Heap above 4GB virtual address.
# This output file may be truncated or incomplete.
#
#  Out of Memory Error (arena.cpp:184), pid=15936, tid=10584
#
# JRE version: Java(TM) SE Runtime Environment (18.0.2.1+1) (build 18.0.2.1+1-1)
# Java VM: Java HotSpot(TM) 64-Bit Server VM (18.0.2.1+1-1, mixed mode, sharing, tiered, compressed oops, compressed class ptrs, g1 gc, windows-amd64)
# No core dump will be written. Minidumps are not enabled by default on client versions of Windows
#

---------------  S U M M A R Y ------------

Command Line: --add-opens=java.base/java.util=ALL-UNNAMED --add-opens=java.base/java.lang=ALL-UNNAMED --add-opens=java.base/java.lang.invoke=ALL-UNNAMED --add-opens=java.base/java.util=ALL-UNNAMED --add-opens=java.prefs/java.util.prefs=ALL-UNNAMED --add-opens=java.prefs/java.util.prefs=ALL-UNNAMED --add-opens=java.base/java.nio.charset=ALL-UNNAMED --add-opens=java.base/java.net=ALL-UNNAMED --add-opens=java.base/java.util.concurrent.atomic=ALL-UNNAMED -Xmx2048m -Dfile.encoding=UTF-8 -Duser.country=US -Duser.language=en -Duser.variant org.gradle.launcher.daemon.bootstrap.GradleDaemon 7.5

Host: Intel(R) Core(TM) i7-6500U CPU @ 2.50GHz, 4 cores, 7G,  Windows 10 , 64 bit Build 19041 (10.0.19041.2913)
Time: Sat May  6 23:42:30 2023 SE Asia Standard Time elapsed time: 3244.862063 seconds (0d 0h 54m 4s)

---------------  T H R E A D  ---------------

Current thread (0x0000020e3b632540):  JavaThread "C2 CompilerThread0" daemon [_thread_in_native, id=10584, stack(0x0000006f59200000,0x0000006f59300000)]


Current CompileTask:
C2:3245323 19166   !   4       sun.reflect.annotation.AnnotationParser::parseAnnotation2 (271 bytes)

Stack: [0x0000006f59200000,0x0000006f59300000]
Native frames: (J=compiled Java code, j=interpreted, Vv=VM code, C=native code)
V  [jvm.dll+0x6993aa]
V  [jvm.dll+0x7f46dd]
V  [jvm.dll+0x7f5fee]
V  [jvm.dll+0x7f66a3]
V  [jvm.dll+0x25cf1f]
V  [jvm.dll+0xb8c2f]
V  [jvm.dll+0xb8fa5]
V  [jvm.dll+0x386091]
V  [jvm.dll+0x34fe71]
V  [jvm.dll+0x34f30a]
V  [jvm.dll+0x230101]
V  [jvm.dll+0x22f4d1]
V  [jvm.dll+0x1ba01c]
V  [jvm.dll+0x23ee0a]
V  [jvm.dll+0x23d0f5]
V  [jvm.dll+0x7a6dd1]
V  [jvm.dll+0x7a120a]
V  [jvm.dll+0x698255]
C  [ucrtbase.dll+0x21bb2]
C  [KERNEL32.DLL+0x17614]
C  [ntdll.dll+0x526a1]


---------------  P R O C E S S  ---------------

Threads class SMR info:
_java_thread_list=0x0000020e45c3bd90, length=38, elements={
0x0000020e1bd05a20, 0x0000020e3b605550, 0x0000020e3b6060c0, 0x0000020e3b61c6b0,
0x0000020e3b61cf60, 0x0000020e3b61f820, 0x0000020e3b625760, 0x0000020e3b632540,
0x0000020e3b65b250, 0x0000020e3b65fb60, 0x0000020e3b624420, 0x0000020e3b622c10,
0x0000020e3b6230e0, 0x0000020e3b623f50, 0x0000020e3b623a80, 0x0000020e3ff63a00,
0x0000020e3ff690a0, 0x0000020e3ff656e0, 0x0000020e3ff65210, 0x0000020e3ff64d40,
0x0000020e3ff65bb0, 0x0000020e3ff673c0, 0x0000020e3ff66550, 0x0000020e3ff68700,
0x0000020e3ff69a40, 0x0000020e3ff66ef0, 0x0000020e4020edc0, 0x0000020e435653d0,
0x0000020e4577b5f0, 0x0000020e457785d0, 0x0000020e4577ce00, 0x0000020e4577ac50,
0x0000020e4577bf90, 0x0000020e4577c930, 0x0000020e4577d2d0, 0x0000020e4577e140,
0x0000020e4577e610, 0x0000020e4577eae0
}

Java Threads: ( => current thread )
  0x0000020e1bd05a20 JavaThread "main" [_thread_blocked, id=12968, stack(0x0000006f58500000,0x0000006f58600000)]
  0x0000020e3b605550 JavaThread "Reference Handler" daemon [_thread_blocked, id=15316, stack(0x0000006f58c00000,0x0000006f58d00000)]
  0x0000020e3b6060c0 JavaThread "Finalizer" daemon [_thread_blocked, id=9252, stack(0x0000006f58d00000,0x0000006f58e00000)]
  0x0000020e3b61c6b0 JavaThread "Signal Dispatcher" daemon [_thread_blocked, id=9536, stack(0x0000006f58e00000,0x0000006f58f00000)]
  0x0000020e3b61cf60 JavaThread "Attach Listener" daemon [_thread_blocked, id=10124, stack(0x0000006f58f00000,0x0000006f59000000)]
  0x0000020e3b61f820 JavaThread "Service Thread" daemon [_thread_blocked, id=13376, stack(0x0000006f59000000,0x0000006f59100000)]
  0x0000020e3b625760 JavaThread "Monitor Deflation Thread" daemon [_thread_blocked, id=8760, stack(0x0000006f59100000,0x0000006f59200000)]
=>0x0000020e3b632540 JavaThread "C2 CompilerThread0" daemon [_thread_in_native, id=10584, stack(0x0000006f59200000,0x0000006f59300000)]
  0x0000020e3b65b250 JavaThread "C1 CompilerThread0" daemon [_thread_blocked, id=7624, stack(0x0000006f59300000,0x0000006f59400000)]
  0x0000020e3b65fb60 JavaThread "Sweeper thread" daemon [_thread_blocked, id=16312, stack(0x0000006f59400000,0x0000006f59500000)]
  0x0000020e3b624420 JavaThread "Common-Cleaner" daemon [_thread_blocked, id=13016, stack(0x0000006f59500000,0x0000006f59600000)]
  0x0000020e3b622c10 JavaThread "Notification Thread" daemon [_thread_blocked, id=2972, stack(0x0000006f59600000,0x0000006f59700000)]
  0x0000020e3b6230e0 JavaThread "Daemon health stats" [_thread_blocked, id=10852, stack(0x0000006f59b00000,0x0000006f59c00000)]
  0x0000020e3b623f50 JavaThread "Incoming local TCP Connector on port 61078" [_thread_in_native, id=8448, stack(0x0000006f59c00000,0x0000006f59d00000)]
  0x0000020e3b623a80 JavaThread "Daemon periodic checks" [_thread_blocked, id=5608, stack(0x0000006f59d00000,0x0000006f59e00000)]
  0x0000020e3ff63a00 JavaThread "Cache worker for journal cache (C:\Users\HP\.gradle\caches\journal-1)" [_thread_blocked, id=12584, stack(0x0000006f5a500000,0x0000006f5a600000)]
  0x0000020e3ff690a0 JavaThread "File lock request listener" [_thread_in_native, id=11404, stack(0x0000006f5a600000,0x0000006f5a700000)]
  0x0000020e3ff656e0 JavaThread "Cache worker for file hash cache (C:\Users\HP\.gradle\caches\7.5\fileHashes)" [_thread_blocked, id=15320, stack(0x0000006f5a700000,0x0000006f5a800000)]
  0x0000020e3ff65210 JavaThread "File watcher server" daemon [_thread_in_native, id=8208, stack(0x0000006f5a800000,0x0000006f5a900000)]
  0x0000020e3ff64d40 JavaThread "File watcher consumer" daemon [_thread_blocked, id=15644, stack(0x0000006f5a900000,0x0000006f5aa00000)]
  0x0000020e3ff65bb0 JavaThread "Cache worker for file content cache (C:\Users\HP\.gradle\caches\7.5\fileContent)" [_thread_blocked, id=12908, stack(0x0000006f5ac00000,0x0000006f5ad00000)]
  0x0000020e3ff673c0 JavaThread "Cache worker for execution history cache (C:\Users\HP\.gradle\caches\7.5\executionHistory)" [_thread_blocked, id=14964, stack(0x0000006f5b000000,0x0000006f5b100000)]
  0x0000020e3ff66550 JavaThread "jar transforms" [_thread_blocked, id=9504, stack(0x0000006f5b100000,0x0000006f5b200000)]
  0x0000020e3ff68700 JavaThread "jar transforms Thread 2" [_thread_blocked, id=15892, stack(0x0000006f5b200000,0x0000006f5b300000)]
  0x0000020e3ff69a40 JavaThread "jar transforms Thread 3" [_thread_blocked, id=8820, stack(0x0000006f5b300000,0x0000006f5b400000)]
  0x0000020e3ff66ef0 JavaThread "jar transforms Thread 4" [_thread_blocked, id=9176, stack(0x0000006f5b400000,0x0000006f5b500000)]
  0x0000020e4020edc0 JavaThread "Memory manager" [_thread_blocked, id=8260, stack(0x0000006f58300000,0x0000006f58400000)]
  0x0000020e435653d0 JavaThread "Cache worker for Java compile cache (C:\Users\HP\.gradle\caches\7.5\javaCompile)" [_thread_blocked, id=2384, stack(0x0000006f5e300000,0x0000006f5e400000)]
  0x0000020e4577b5f0 JavaThread "Daemon Thread 2" [_thread_blocked, id=1856, stack(0x0000006f58200000,0x0000006f58300000)]
  0x0000020e457785d0 JavaThread "Handler for socket connection from /127.0.0.1:61078 to /127.0.0.1:63656" [_thread_in_native, id=7924, stack(0x0000006f58400000,0x0000006f58500000)]
  0x0000020e4577ce00 JavaThread "Cancel handler" [_thread_blocked, id=12312, stack(0x0000006f59e00000,0x0000006f59f00000)]
  0x0000020e4577ac50 JavaThread "Daemon worker Thread 2" [_thread_blocked, id=4112, stack(0x0000006f59f00000,0x0000006f5a000000)]
  0x0000020e4577bf90 JavaThread "Asynchronous log dispatcher for DefaultDaemonConnection: socket connection from /127.0.0.1:61078 to /127.0.0.1:63656" [_thread_blocked, id=7628, stack(0x0000006f5a000000,0x0000006f5a100000)]
  0x0000020e4577c930 JavaThread "Daemon client event forwarder" [_thread_blocked, id=11104, stack(0x0000006f5a200000,0x0000006f5a300000)]
  0x0000020e4577d2d0 JavaThread "Cache worker for checksums cache (C:\Users\HP\AndroidStudioProjects\ArsyiRecycler\.gradle\7.5\checksums)" [_thread_blocked, id=14328, stack(0x0000006f5a300000,0x0000006f5a400000)]
  0x0000020e4577e140 JavaThread "Cache worker for cache directory md-rule (C:\Users\HP\.gradle\caches\7.5\md-rule)" [_thread_blocked, id=7084, stack(0x0000006f5a400000,0x0000006f5a500000)]
  0x0000020e4577e610 JavaThread "Cache worker for file hash cache (C:\Users\HP\AndroidStudioProjects\ArsyiRecycler\.gradle\7.5\fileHashes)" [_thread_blocked, id=12380, stack(0x0000006f5aa00000,0x0000006f5ab00000)]
  0x0000020e4577eae0 JavaThread "Cache worker for cache directory md-supplier (C:\Users\HP\.gradle\caches\7.5\md-supplier)" [_thread_blocked, id=7432, stack(0x0000006f5ab00000,0x0000006f5ac00000)]

Other Threads:
  0x0000020e1bd87600 VMThread "VM Thread" [stack: 0x0000006f58b00000,0x0000006f58c00000] [id=672]
  0x0000020e3f8c1e30 WatcherThread "VM Periodic Task Thread" [stack: 0x0000006f59700000,0x0000006f59800000] [id=12240]
  0x0000020e1bd652a0 WorkerThread "GC Thread#0" [stack: 0x0000006f58600000,0x0000006f58700000] [id=268]
  0x0000020e3f93f470 WorkerThread "GC Thread#1" [stack: 0x0000006f59800000,0x0000006f59900000] [id=8292]
  0x0000020e3f93f710 WorkerThread "GC Thread#2" [stack: 0x0000006f59900000,0x0000006f59a00000] [id=15576]
  0x0000020e401bbd80 WorkerThread "GC Thread#3" [stack: 0x0000006f59a00000,0x0000006f59b00000] [id=16308]
  0x0000020e1bd760e0 ConcurrentGCThread "G1 Main Marker" [stack: 0x0000006f58700000,0x0000006f58800000] [id=8920]
  0x0000020e1bd78190 WorkerThread "G1 Conc#0" [stack: 0x0000006f58800000,0x0000006f58900000] [id=12308]
  0x0000020e1bdb7990 ConcurrentGCThread "G1 Refine#0" [stack: 0x0000006f58900000,0x0000006f58a00000] [id=15784]
  0x0000020e408e7610 ConcurrentGCThread "G1 Refine#1" [stack: 0x0000006f5ad00000,0x0000006f5ae00000] [id=6164]
  0x0000020e1bdb81b0 ConcurrentGCThread "G1 Service" [stack: 0x0000006f58a00000,0x0000006f58b00000] [id=948]

Threads with active compile tasks:
C2 CompilerThread0  3249586 19166   !   4       sun.reflect.annotation.AnnotationParser::parseAnnotation2 (271 bytes)

VM state: at safepoint (normal execution)

VM Mutex/Monitor currently owned by a thread:  ([mutex/lock_event])
[0x0000020e1bcff020] FreeList_lock - owner thread: 0x0000020e1bd652a0
[0x0000020e1bd02170] Threads_lock - owner thread: 0x0000020e1bd87600
[0x0000020e1bd02680] Heap_lock - owner thread: 0x0000020e4577ac50

Heap address: 0x0000000080000000, size: 2048 MB, Compressed Oops mode: 32-bit

CDS archive(s) mapped at: [0x0000000800000000-0x0000000800ba0000-0x0000000800ba0000), size 12189696, SharedBaseAddress: 0x0000000800000000, ArchiveRelocationMode: 0.
Compressed class space mapped at: 0x0000000800c00000-0x0000000840c00000, reserved size: 1073741824
Narrow klass base: 0x0000000800000000, Narrow klass shift: 0, Narrow klass range: 0x100000000

GC Precious Log:
 CardTable entry size: 512
 Card Set container configuration: InlinePtr #cards 5 size 8 Array Of Cards #cards 12 size 40 Howl #buckets 4 coarsen threshold 1843 Howl Bitmap #cards 512 size 80 coarsen threshold 460 Card regions per heap region 1 cards per card region 2048
 CPUs: 4 total, 4 available
 Memory: 8088M
 Large Page Support: Disabled
 NUMA Support: Disabled
 Compressed Oops: Enabled (32-bit)
 Heap Region Size: 1M
 Heap Min Capacity: 8M
 Heap Initial Capacity: 128M
 Heap Max Capacity: 2G
 Pre-touch: Disabled
 Parallel Workers: 4
 Concurrent Workers: 1
 Concurrent Refinement Workers: 4
 Periodic GC: Disabled

Heap:
 garbage-first heap   total 218112K, used 217601K [0x0000000080000000, 0x0000000100000000)
  region size 1024K, 15 young (15360K), 0 survivors (0K)
 Metaspace       used 115620K, committed 117760K, reserved 1179648K
  class space    used 15757K, committed 16832K, reserved 1048576K

Heap Regions: E=young(eden), S=young(survivor), O=old, HS=humongous(starts), HC=humongous(continues), CS=collection set, F=free, OA=open archive, CA=closed archive, TAMS=top-at-mark-start (previous, next)
|   0|0x0000000080000000, 0x0000000080100000, 0x0000000080100000|100%|HS|  |TAMS 0x0000000080100000, 0x0000000080100000| Complete 
|   1|0x0000000080100000, 0x0000000080200000, 0x0000000080200000|100%|HC|  |TAMS 0x0000000080200000, 0x0000000080200000| Complete 
|   2|0x0000000080200000, 0x0000000080300000, 0x0000000080300000|100%|HC|  |TAMS 0x0000000080300000, 0x0000000080300000| Complete 
|   3|0x0000000080300000, 0x0000000080400000, 0x0000000080400000|100%| O|  |TAMS 0x0000000080400000, 0x0000000080400000| Untracked 
|   4|0x0000000080400000, 0x0000000080500000, 0x0000000080500000|100%| O|  |TAMS 0x0000000080500000, 0x0000000080500000| Untracked 
|   5|0x0000000080500000, 0x0000000080600000, 0x0000000080600000|100%| O|  |TAMS 0x0000000080600000, 0x0000000080600000| Untracked 
|   6|0x0000000080600000, 0x0000000080700000, 0x0000000080700000|100%| O|  |TAMS 0x0000000080700000, 0x0000000080700000| Untracked 
|   7|0x0000000080700000, 0x0000000080800000, 0x0000000080800000|100%| O|  |TAMS 0x0000000080800000, 0x0000000080800000| Untracked 
|   8|0x0000000080800000, 0x0000000080900000, 0x0000000080900000|100%| O|  |TAMS 0x0000000080900000, 0x0000000080900000| Untracked 
|   9|0x0000000080900000, 0x0000000080a00000, 0x0000000080a00000|100%| O|  |TAMS 0x0000000080a00000, 0x0000000080a00000| Untracked 
|  10|0x0000000080a00000, 0x0000000080b00000, 0x0000000080b00000|100%| O|  |TAMS 0x0000000080b00000, 0x0000000080b00000| Untracked 
|  11|0x0000000080b00000, 0x0000000080c00000, 0x0000000080c00000|100%| O|  |TAMS 0x0000000080c00000, 0x0000000080c00000| Untracked 
|  12|0x0000000080c00000, 0x0000000080d00000, 0x0000000080d00000|100%| O|  |TAMS 0x0000000080d00000, 0x0000000080d00000| Untracked 
|  13|0x0000000080d00000, 0x0000000080e00000, 0x0000000080e00000|100%| O|  |TAMS 0x0000000080e00000, 0x0000000080e00000| Untracked 
|  14|0x0000000080e00000, 0x0000000080f00000, 0x0000000080f00000|100%| O|  |TAMS 0x0000000080f00000, 0x0000000080f00000| Untracked 
|  15|0x0000000080f00000, 0x0000000081000000, 0x0000000081000000|100%| O|  |TAMS 0x0000000081000000, 0x0000000081000000| Untracked 
|  16|0x0000000081000000, 0x0000000081100000, 0x0000000081100000|100%| O|  |TAMS 0x0000000081100000, 0x0000000081100000| Untracked 
|  17|0x0000000081100000, 0x0000000081200000, 0x0000000081200000|100%| O|  |TAMS 0x0000000081200000, 0x0000000081200000| Untracked 
|  18|0x0000000081200000, 0x0000000081300000, 0x0000000081300000|100%| O|  |TAMS 0x0000000081300000, 0x0000000081300000| Untracked 
|  19|0x0000000081300000, 0x0000000081400000, 0x0000000081400000|100%| O|  |TAMS 0x0000000081400000, 0x0000000081400000| Untracked 
|  20|0x0000000081400000, 0x0000000081500000, 0x0000000081500000|100%| O|  |TAMS 0x0000000081500000, 0x0000000081500000| Untracked 
|  21|0x0000000081500000, 0x0000000081600000, 0x0000000081600000|100%| O|  |TAMS 0x0000000081600000, 0x0000000081600000| Untracked 
|  22|0x0000000081600000, 0x0000000081700000, 0x0000000081700000|100%| O|  |TAMS 0x0000000081700000, 0x0000000081700000| Untracked 
|  23|0x0000000081700000, 0x0000000081800000, 0x0000000081800000|100%| O|  |TAMS 0x0000000081800000, 0x0000000081800000| Untracked 
|  24|0x0000000081800000, 0x0000000081900000, 0x0000000081900000|100%| O|  |TAMS 0x0000000081900000, 0x0000000081900000| Untracked 
|  25|0x0000000081900000, 0x0000000081a00000, 0x0000000081a00000|100%| O|  |TAMS 0x0000000081a00000, 0x0000000081a00000| Untracked 
|  26|0x0000000081a00000, 0x0000000081b00000, 0x0000000081b00000|100%|HS|  |TAMS 0x0000000081b00000, 0x0000000081b00000| Complete 
|  27|0x0000000081b00000, 0x0000000081c00000, 0x0000000081c00000|100%| O|  |TAMS 0x0000000081c00000, 0x0000000081c00000| Untracked 
|  28|0x0000000081c00000, 0x0000000081d00000, 0x0000000081d00000|100%| O|  |TAMS 0x0000000081d00000, 0x0000000081d00000| Untracked 
|  29|0x0000000081d00000, 0x0000000081e00000, 0x0000000081e00000|100%| O|  |TAMS 0x0000000081e00000, 0x0000000081e00000| Untracked 
|  30|0x0000000081e00000, 0x0000000081f00000, 0x0000000081f00000|100%| O|  |TAMS 0x0000000081f00000, 0x0000000081f00000| Untracked 
|  31|0x0000000081f00000, 0x0000000082000000, 0x0000000082000000|100%| O|  |TAMS 0x0000000082000000, 0x0000000082000000| Untracked 
|  32|0x0000000082000000, 0x0000000082100000, 0x0000000082100000|100%| O|  |TAMS 0x0000000082100000, 0x0000000082100000| Untracked 
|  33|0x0000000082100000, 0x0000000082200000, 0x0000000082200000|100%|HS|  |TAMS 0x0000000082200000, 0x0000000082200000| Complete 
|  34|0x0000000082200000, 0x0000000082300000, 0x0000000082300000|100%|HC|  |TAMS 0x0000000082300000, 0x0000000082300000| Complete 
|  35|0x0000000082300000, 0x0000000082400000, 0x0000000082400000|100%| O|  |TAMS 0x0000000082400000, 0x0000000082400000| Untracked 
|  36|0x0000000082400000, 0x0000000082500000, 0x0000000082500000|100%|HS|  |TAMS 0x0000000082500000, 0x0000000082500000| Complete 
|  37|0x0000000082500000, 0x0000000082600000, 0x0000000082600000|100%| O|  |TAMS 0x0000000082600000, 0x0000000082600000| Untracked 
|  38|0x0000000082600000, 0x0000000082700000, 0x0000000082700000|100%| O|  |TAMS 0x0000000082700000, 0x0000000082700000| Untracked 
|  39|0x0000000082700000, 0x0000000082800000, 0x0000000082800000|100%| O|  |TAMS 0x0000000082800000, 0x0000000082800000| Untracked 
|  40|0x0000000082800000, 0x0000000082900000, 0x0000000082900000|100%| O|  |TAMS 0x0000000082900000, 0x0000000082900000| Untracked 
|  41|0x0000000082900000, 0x0000000082a00000, 0x0000000082a00000|100%|HS|  |TAMS 0x0000000082a00000, 0x0000000082a00000| Complete 
|  42|0x0000000082a00000, 0x0000000082b00000, 0x0000000082b00000|100%|HC|  |TAMS 0x0000000082b00000, 0x0000000082b00000| Complete 
|  43|0x0000000082b00000, 0x0000000082c00000, 0x0000000082c00000|100%|HC|  |TAMS 0x0000000082c00000, 0x0000000082c00000| Complete 
|  44|0x0000000082c00000, 0x0000000082d00000, 0x0000000082d00000|100%|HC|  |TAMS 0x0000000082d00000, 0x0000000082d00000| Complete 
|  45|0x0000000082d00000, 0x0000000082e00000, 0x0000000082e00000|100%| O|  |TAMS 0x0000000082e00000, 0x0000000082e00000| Untracked 
|  46|0x0000000082e00000, 0x0000000082f00000, 0x0000000082f00000|100%| O|  |TAMS 0x0000000082f00000, 0x0000000082f00000| Untracked 
|  47|0x0000000082f00000, 0x0000000083000000, 0x0000000083000000|100%| O|  |TAMS 0x0000000083000000, 0x0000000083000000| Untracked 
|  48|0x0000000083000000, 0x0000000083100000, 0x0000000083100000|100%| O|  |TAMS 0x0000000083100000, 0x0000000083100000| Untracked 
|  49|0x0000000083100000, 0x0000000083200000, 0x0000000083200000|100%| O|  |TAMS 0x0000000083200000, 0x0000000083200000| Untracked 
|  50|0x0000000083200000, 0x0000000083300000, 0x0000000083300000|100%| O|  |TAMS 0x0000000083300000, 0x0000000083300000| Untracked 
|  51|0x0000000083300000, 0x0000000083400000, 0x0000000083400000|100%| O|  |TAMS 0x0000000083300000, 0x0000000083400000| Untracked 
|  52|0x0000000083400000, 0x0000000083500000, 0x0000000083500000|100%| O|  |TAMS 0x0000000083500000, 0x0000000083500000| Untracked 
|  53|0x0000000083500000, 0x0000000083600000, 0x0000000083600000|100%| O|  |TAMS 0x0000000083600000, 0x0000000083600000| Untracked 
|  54|0x0000000083600000, 0x0000000083700000, 0x0000000083700000|100%| O|  |TAMS 0x0000000083700000, 0x0000000083700000| Untracked 
|  55|0x0000000083700000, 0x0000000083800000, 0x0000000083800000|100%| O|  |TAMS 0x0000000083800000, 0x0000000083800000| Untracked 
|  56|0x0000000083800000, 0x0000000083900000, 0x0000000083900000|100%| O|  |TAMS 0x0000000083900000, 0x0000000083900000| Untracked 
|  57|0x0000000083900000, 0x0000000083a00000, 0x0000000083a00000|100%| O|  |TAMS 0x0000000083a00000, 0x0000000083a00000| Untracked 
|  58|0x0000000083a00000, 0x0000000083b00000, 0x0000000083b00000|100%| O|  |TAMS 0x0000000083b00000, 0x0000000083b00000| Untracked 
|  59|0x0000000083b00000, 0x0000000083c00000, 0x0000000083c00000|100%| O|  |TAMS 0x0000000083c00000, 0x0000000083c00000| Untracked 
|  60|0x0000000083c00000, 0x0000000083d00000, 0x0000000083d00000|100%| O|  |TAMS 0x0000000083d00000, 0x0000000083d00000| Untracked 
|  61|0x0000000083d00000, 0x0000000083e00000, 0x0000000083e00000|100%| O|  |TAMS 0x0000000083e00000, 0x0000000083e00000| Untracked 
|  62|0x0000000083e00000, 0x0000000083f00000, 0x0000000083f00000|100%| O|  |TAMS 0x0000000083f00000, 0x0000000083f00000| Untracked 
|  63|0x0000000083f00000, 0x0000000084000000, 0x0000000084000000|100%| O|  |TAMS 0x0000000084000000, 0x0000000084000000| Untracked 
|  64|0x0000000084000000, 0x0000000084100000, 0x0000000084100000|100%| O|  |TAMS 0x0000000084100000, 0x0000000084100000| Untracked 
|  65|0x0000000084100000, 0x0000000084200000, 0x0000000084200000|100%| O|  |TAMS 0x0000000084200000, 0x0000000084200000| Untracked 
|  66|0x0000000084200000, 0x0000000084300000, 0x0000000084300000|100%| O|  |TAMS 0x0000000084300000, 0x0000000084300000| Untracked 
|  67|0x0000000084300000, 0x0000000084400000, 0x0000000084400000|100%| O|  |TAMS 0x0000000084400000, 0x0000000084400000| Untracked 
|  68|0x0000000084400000, 0x0000000084500000, 0x0000000084500000|100%| O|  |TAMS 0x0000000084500000, 0x0000000084500000| Untracked 
|  69|0x0000000084500000, 0x0000000084600000, 0x0000000084600000|100%| O|  |TAMS 0x0000000084600000, 0x0000000084600000| Untracked 
|  70|0x0000000084600000, 0x0000000084700000, 0x0000000084700000|100%| O|  |TAMS 0x0000000084700000, 0x0000000084700000| Untracked 
|  71|0x0000000084700000, 0x0000000084800000, 0x0000000084800000|100%| O|  |TAMS 0x0000000084800000, 0x0000000084800000| Untracked 
|  72|0x0000000084800000, 0x0000000084900000, 0x0000000084900000|100%| O|  |TAMS 0x0000000084900000, 0x0000000084900000| Untracked 
|  73|0x0000000084900000, 0x0000000084a00000, 0x0000000084a00000|100%| O|  |TAMS 0x0000000084a00000, 0x0000000084a00000| Untracked 
|  74|0x0000000084a00000, 0x0000000084b00000, 0x0000000084b00000|100%| O|  |TAMS 0x0000000084b00000, 0x0000000084b00000| Untracked 
|  75|0x0000000084b00000, 0x0000000084c00000, 0x0000000084c00000|100%| O|  |TAMS 0x0000000084c00000, 0x0000000084c00000| Untracked 
|  76|0x0000000084c00000, 0x0000000084d00000, 0x0000000084d00000|100%| O|  |TAMS 0x0000000084d00000, 0x0000000084d00000| Untracked 
|  77|0x0000000084d00000, 0x0000000084e00000, 0x0000000084e00000|100%| O|  |TAMS 0x0000000084e00000, 0x0000000084e00000| Untracked 
|  78|0x0000000084e00000, 0x0000000084f00000, 0x0000000084f00000|100%| O|  |TAMS 0x0000000084e00000, 0x0000000084f00000| Untracked 
|  79|0x0000000084f00000, 0x0000000085000000, 0x0000000085000000|100%| O|  |TAMS 0x0000000085000000, 0x0000000085000000| Untracked 
|  80|0x0000000085000000, 0x0000000085100000, 0x0000000085100000|100%| O|  |TAMS 0x0000000085100000, 0x0000000085100000| Untracked 
|  81|0x0000000085100000, 0x0000000085200000, 0x0000000085200000|100%| O|  |TAMS 0x0000000085200000, 0x0000000085200000| Untracked 
|  82|0x0000000085200000, 0x0000000085300000, 0x0000000085300000|100%| O|  |TAMS 0x0000000085300000, 0x0000000085300000| Untracked 
|  83|0x0000000085300000, 0x0000000085400000, 0x0000000085400000|100%| O|  |TAMS 0x0000000085400000, 0x0000000085400000| Untracked 
|  84|0x0000000085400000, 0x0000000085500000, 0x0000000085500000|100%| O|  |TAMS 0x0000000085500000, 0x0000000085500000| Untracked 
|  85|0x0000000085500000, 0x0000000085600000, 0x0000000085600000|100%| O|  |TAMS 0x0000000085600000, 0x0000000085600000| Untracked 
|  86|0x0000000085600000, 0x0000000085700000, 0x0000000085700000|100%| O|  |TAMS 0x0000000085700000, 0x0000000085700000| Untracked 
|  87|0x0000000085700000, 0x0000000085800000, 0x0000000085800000|100%| O|  |TAMS 0x00000000857f4e00, 0x0000000085800000| Untracked 
|  88|0x0000000085800000, 0x0000000085900000, 0x0000000085900000|100%| O|  |TAMS 0x0000000085800000, 0x0000000085900000| Untracked 
|  89|0x0000000085900000, 0x0000000085a00000, 0x0000000085a00000|100%| O|  |TAMS 0x0000000085900000, 0x0000000085a00000| Untracked 
|  90|0x0000000085a00000, 0x0000000085b00000, 0x0000000085b00000|100%| O|  |TAMS 0x0000000085a00000, 0x0000000085b00000| Untracked 
|  91|0x0000000085b00000, 0x0000000085c00000, 0x0000000085c00000|100%| O|  |TAMS 0x0000000085b00000, 0x0000000085c00000| Untracked 
|  92|0x0000000085c00000, 0x0000000085d00000, 0x0000000085d00000|100%| O|  |TAMS 0x0000000085c00000, 0x0000000085d00000| Untracked 
|  93|0x0000000085d00000, 0x0000000085e00000, 0x0000000085e00000|100%| O|  |TAMS 0x0000000085d00000, 0x0000000085e00000| Untracked 
|  94|0x0000000085e00000, 0x0000000085f00000, 0x0000000085f00000|100%| O|  |TAMS 0x0000000085e00000, 0x0000000085f00000| Untracked 
|  95|0x0000000085f00000, 0x0000000086000000, 0x0000000086000000|100%| O|  |TAMS 0x0000000085f00000, 0x0000000086000000| Untracked 
|  96|0x0000000086000000, 0x0000000086100000, 0x0000000086100000|100%| O|  |TAMS 0x0000000086000000, 0x0000000086100000| Untracked 
|  97|0x0000000086100000, 0x0000000086200000, 0x0000000086200000|100%| O|  |TAMS 0x0000000086100000, 0x0000000086200000| Untracked 
|  98|0x0000000086200000, 0x0000000086300000, 0x0000000086300000|100%| O|  |TAMS 0x0000000086200000, 0x0000000086300000| Untracked 
|  99|0x0000000086300000, 0x0000000086400000, 0x0000000086400000|100%| O|  |TAMS 0x0000000086300000, 0x0000000086400000| Untracked 
| 100|0x0000000086400000, 0x0000000086500000, 0x0000000086500000|100%| O|  |TAMS 0x0000000086400000, 0x0000000086500000| Untracked 
| 101|0x0000000086500000, 0x0000000086600000, 0x0000000086600000|100%| O|  |TAMS 0x0000000086500000, 0x0000000086600000| Untracked 
| 102|0x0000000086600000, 0x0000000086700000, 0x0000000086700000|100%| O|  |TAMS 0x0000000086600000, 0x0000000086700000| Untracked 
| 103|0x0000000086700000, 0x0000000086800000, 0x0000000086800000|100%| O|  |TAMS 0x0000000086700000, 0x0000000086800000| Untracked 
| 104|0x0000000086800000, 0x0000000086900000, 0x0000000086900000|100%| O|  |TAMS 0x0000000086800000, 0x0000000086900000| Untracked 
| 105|0x0000000086900000, 0x0000000086a00000, 0x0000000086a00000|100%| O|  |TAMS 0x0000000086900000, 0x0000000086a00000| Untracked 
| 106|0x0000000086a00000, 0x0000000086b00000, 0x0000000086b00000|100%| O|  |TAMS 0x0000000086a00000, 0x0000000086b00000| Untracked 
| 107|0x0000000086b00000, 0x0000000086c00000, 0x0000000086c00000|100%| O|  |TAMS 0x0000000086b00000, 0x0000000086c00000| Untracked 
| 108|0x0000000086c00000, 0x0000000086d00000, 0x0000000086d00000|100%| O|  |TAMS 0x0000000086c00000, 0x0000000086d00000| Untracked 
| 109|0x0000000086d00000, 0x0000000086e00000, 0x0000000086e00000|100%| O|  |TAMS 0x0000000086d00000, 0x0000000086e00000| Untracked 
| 110|0x0000000086e00000, 0x0000000086f00000, 0x0000000086f00000|100%| O|  |TAMS 0x0000000086e00000, 0x0000000086f00000| Untracked 
| 111|0x0000000086f00000, 0x0000000087000000, 0x0000000087000000|100%| O|  |TAMS 0x0000000086f00000, 0x0000000087000000| Untracked 
| 112|0x0000000087000000, 0x0000000087100000, 0x0000000087100000|100%| O|  |TAMS 0x0000000087000000, 0x0000000087100000| Untracked 
| 113|0x0000000087100000, 0x0000000087200000, 0x0000000087200000|100%| O|  |TAMS 0x0000000087100000, 0x0000000087200000| Untracked 
| 114|0x0000000087200000, 0x0000000087300000, 0x0000000087300000|100%| O|  |TAMS 0x0000000087200000, 0x0000000087300000| Untracked 
| 115|0x0000000087300000, 0x0000000087400000, 0x0000000087400000|100%| O|  |TAMS 0x0000000087300000, 0x0000000087400000| Untracked 
| 116|0x0000000087400000, 0x0000000087500000, 0x0000000087500000|100%| O|  |TAMS 0x0000000087400000, 0x0000000087500000| Untracked 
| 117|0x0000000087500000, 0x0000000087600000, 0x0000000087600000|100%| O|  |TAMS 0x0000000087500000, 0x0000000087600000| Untracked 
| 118|0x0000000087600000, 0x0000000087700000, 0x0000000087700000|100%| O|  |TAMS 0x0000000087600000, 0x0000000087700000| Untracked 
| 119|0x0000000087700000, 0x0000000087800000, 0x0000000087800000|100%| O|  |TAMS 0x0000000087700000, 0x0000000087800000| Untracked 
| 120|0x0000000087800000, 0x0000000087900000, 0x0000000087900000|100%| O|  |TAMS 0x0000000087800000, 0x0000000087900000| Untracked 
| 121|0x0000000087900000, 0x0000000087a00000, 0x0000000087a00000|100%| O|  |TAMS 0x0000000087900000, 0x0000000087a00000| Untracked 
| 122|0x0000000087a00000, 0x0000000087b00000, 0x0000000087b00000|100%| O|  |TAMS 0x0000000087a00000, 0x0000000087b00000| Untracked 
| 123|0x0000000087b00000, 0x0000000087c00000, 0x0000000087c00000|100%| O|  |TAMS 0x0000000087b00000, 0x0000000087c00000| Untracked 
| 124|0x0000000087c00000, 0x0000000087d00000, 0x0000000087d00000|100%| O|  |TAMS 0x0000000087c00000, 0x0000000087d00000| Untracked 
| 125|0x0000000087d00000, 0x0000000087e00000, 0x0000000087e00000|100%| O|  |TAMS 0x0000000087d00000, 0x0000000087e00000| Untracked 
| 126|0x0000000087e00000, 0x0000000087f00000, 0x0000000087f00000|100%| O|  |TAMS 0x0000000087e00000, 0x0000000087f00000| Untracked 
| 127|0x0000000087f00000, 0x0000000088000000, 0x0000000088000000|100%| O|  |TAMS 0x0000000087f00000, 0x0000000088000000| Untracked 
| 128|0x0000000088000000, 0x0000000088100000, 0x0000000088100000|100%| O|  |TAMS 0x0000000088000000, 0x0000000088100000| Untracked 
| 129|0x0000000088100000, 0x0000000088200000, 0x0000000088200000|100%| O|  |TAMS 0x0000000088100000, 0x0000000088200000| Untracked 
| 130|0x0000000088200000, 0x0000000088300000, 0x0000000088300000|100%| O|  |TAMS 0x0000000088200000, 0x0000000088300000| Untracked 
| 131|0x0000000088300000, 0x0000000088400000, 0x0000000088400000|100%| O|  |TAMS 0x0000000088300000, 0x0000000088400000| Untracked 
| 132|0x0000000088400000, 0x0000000088500000, 0x0000000088500000|100%| O|  |TAMS 0x0000000088400000, 0x0000000088500000| Untracked 
| 133|0x0000000088500000, 0x0000000088600000, 0x0000000088600000|100%| O|  |TAMS 0x0000000088500000, 0x0000000088600000| Untracked 
| 134|0x0000000088600000, 0x0000000088700000, 0x0000000088700000|100%| O|  |TAMS 0x0000000088600000, 0x0000000088700000| Untracked 
| 135|0x0000000088700000, 0x0000000088800000, 0x0000000088800000|100%| O|  |TAMS 0x0000000088700000, 0x0000000088800000| Untracked 
| 136|0x0000000088800000, 0x0000000088900000, 0x0000000088900000|100%| O|  |TAMS 0x0000000088800000, 0x0000000088900000| Untracked 
| 137|0x0000000088900000, 0x0000000088a00000, 0x0000000088a00000|100%| O|  |TAMS 0x0000000088900000, 0x0000000088a00000| Untracked 
| 138|0x0000000088a00000, 0x0000000088b00000, 0x0000000088b00000|100%| O|  |TAMS 0x0000000088a00000, 0x0000000088b00000| Untracked 
| 139|0x0000000088b00000, 0x0000000088c00000, 0x0000000088c00000|100%| O|  |TAMS 0x0000000088b00000, 0x0000000088c00000| Untracked 
| 140|0x0000000088c00000, 0x0000000088d00000, 0x0000000088d00000|100%| O|  |TAMS 0x0000000088c00000, 0x0000000088d00000| Untracked 
| 141|0x0000000088d00000, 0x0000000088e00000, 0x0000000088e00000|100%| O|  |TAMS 0x0000000088d00000, 0x0000000088e00000| Untracked 
| 142|0x0000000088e00000, 0x0000000088f00000, 0x0000000088f00000|100%| O|  |TAMS 0x0000000088e00000, 0x0000000088f00000| Untracked 
| 143|0x0000000088f00000, 0x0000000089000000, 0x0000000089000000|100%| O|  |TAMS 0x0000000088f00000, 0x0000000089000000| Untracked 
| 144|0x0000000089000000, 0x0000000089100000, 0x0000000089100000|100%| O|  |TAMS 0x0000000089000000, 0x0000000089000000| Untracked 
| 145|0x0000000089100000, 0x0000000089200000, 0x0000000089200000|100%| O|  |TAMS 0x0000000089100000, 0x0000000089199000| Untracked 
| 146|0x0000000089200000, 0x0000000089300000, 0x0000000089300000|100%|HS|  |TAMS 0x0000000089200000, 0x0000000089300000| Complete 
| 147|0x0000000089300000, 0x0000000089400000, 0x0000000089400000|100%|HC|  |TAMS 0x0000000089300000, 0x0000000089400000| Complete 
| 148|0x0000000089400000, 0x0000000089500000, 0x0000000089500000|100%|HS|  |TAMS 0x0000000089400000, 0x0000000089500000| Complete 
| 149|0x0000000089500000, 0x0000000089600000, 0x0000000089600000|100%|HC|  |TAMS 0x0000000089500000, 0x0000000089600000| Complete 
| 150|0x0000000089600000, 0x0000000089700000, 0x0000000089700000|100%|HC|  |TAMS 0x0000000089600000, 0x0000000089700000| Complete 
| 151|0x0000000089700000, 0x0000000089800000, 0x0000000089800000|100%|HS|  |TAMS 0x0000000089700000, 0x0000000089800000| Complete 
| 152|0x0000000089800000, 0x0000000089900000, 0x0000000089900000|100%|HC|  |TAMS 0x0000000089800000, 0x0000000089900000| Complete 
| 153|0x0000000089900000, 0x0000000089a00000, 0x0000000089a00000|100%|HC|  |TAMS 0x0000000089900000, 0x0000000089a00000| Complete 
| 154|0x0000000089a00000, 0x0000000089b00000, 0x0000000089b00000|100%|HS|  |TAMS 0x0000000089a00000, 0x0000000089b00000| Complete 
| 155|0x0000000089b00000, 0x0000000089c00000, 0x0000000089c00000|100%|HC|  |TAMS 0x0000000089b00000, 0x0000000089c00000| Complete 
| 156|0x0000000089c00000, 0x0000000089d00000, 0x0000000089d00000|100%|HS|  |TAMS 0x0000000089c00000, 0x0000000089d00000| Complete 
| 157|0x0000000089d00000, 0x0000000089e00000, 0x0000000089e00000|100%|HC|  |TAMS 0x0000000089d00000, 0x0000000089e00000| Complete 
| 158|0x0000000089e00000, 0x0000000089f00000, 0x0000000089f00000|100%|HC|  |TAMS 0x0000000089e00000, 0x0000000089f00000| Complete 
| 159|0x0000000089f00000, 0x000000008a000000, 0x000000008a000000|100%|HC|  |TAMS 0x0000000089f00000, 0x000000008a000000| Complete 
| 160|0x000000008a000000, 0x000000008a100000, 0x000000008a100000|100%|HC|  |TAMS 0x000000008a000000, 0x000000008a100000| Complete 
| 161|0x000000008a100000, 0x000000008a191c70, 0x000000008a200000| 56%| O|  |TAMS 0x000000008a100000, 0x000000008a100000| Untracked 
| 162|0x000000008a200000, 0x000000008a300000, 0x000000008a300000|100%|HS|  |TAMS 0x000000008a200000, 0x000000008a200000| Complete 
| 163|0x000000008a300000, 0x000000008a400000, 0x000000008a400000|100%|HC|  |TAMS 0x000000008a300000, 0x000000008a300000| Complete 
| 164|0x000000008a400000, 0x000000008a500000, 0x000000008a500000|100%|HC|  |TAMS 0x000000008a400000, 0x000000008a400000| Complete 
| 165|0x000000008a500000, 0x000000008a600000, 0x000000008a600000|100%|HC|  |TAMS 0x000000008a500000, 0x000000008a500000| Complete 
| 166|0x000000008a600000, 0x000000008a700000, 0x000000008a700000|100%|HC|  |TAMS 0x000000008a600000, 0x000000008a600000| Complete 
| 167|0x000000008a700000, 0x000000008a800000, 0x000000008a800000|100%|HC|  |TAMS 0x000000008a700000, 0x000000008a700000| Complete 
| 168|0x000000008a800000, 0x000000008a900000, 0x000000008a900000|100%|HC|  |TAMS 0x000000008a800000, 0x000000008a800000| Complete 
| 169|0x000000008a900000, 0x000000008aa00000, 0x000000008aa00000|100%|HC|  |TAMS 0x000000008a900000, 0x000000008a900000| Complete 
| 170|0x000000008aa00000, 0x000000008ab00000, 0x000000008ab00000|100%|HC|  |TAMS 0x000000008aa00000, 0x000000008aa00000| Complete 
| 171|0x000000008ab00000, 0x000000008ac00000, 0x000000008ac00000|100%|HC|  |TAMS 0x000000008ab00000, 0x000000008ab00000| Complete 
| 172|0x000000008ac00000, 0x000000008ad00000, 0x000000008ad00000|100%|HS|  |TAMS 0x000000008ac00000, 0x000000008ac00000| Complete 
| 173|0x000000008ad00000, 0x000000008ae00000, 0x000000008ae00000|100%|HC|  |TAMS 0x000000008ad00000, 0x000000008ad00000| Complete 
| 174|0x000000008ae00000, 0x000000008af00000, 0x000000008af00000|100%|HS|  |TAMS 0x000000008ae00000, 0x000000008ae00000| Complete 
| 175|0x000000008af00000, 0x000000008b000000, 0x000000008b000000|100%|HC|  |TAMS 0x000000008af00000, 0x000000008af00000| Complete 
| 176|0x000000008b000000, 0x000000008b100000, 0x000000008b100000|100%|HC|  |TAMS 0x000000008b000000, 0x000000008b000000| Complete 
| 177|0x000000008b100000, 0x000000008b200000, 0x000000008b200000|100%|HC|  |TAMS 0x000000008b100000, 0x000000008b100000| Complete 
| 178|0x000000008b200000, 0x000000008b300000, 0x000000008b300000|100%|HC|  |TAMS 0x000000008b200000, 0x000000008b200000| Complete 
| 179|0x000000008b300000, 0x000000008b400000, 0x000000008b400000|100%|HC|  |TAMS 0x000000008b300000, 0x000000008b300000| Complete 
| 180|0x000000008b400000, 0x000000008b500000, 0x000000008b500000|100%|HC|  |TAMS 0x000000008b400000, 0x000000008b400000| Complete 
| 181|0x000000008b500000, 0x000000008b600000, 0x000000008b600000|100%|HC|  |TAMS 0x000000008b500000, 0x000000008b500000| Complete 
| 182|0x000000008b600000, 0x000000008b700000, 0x000000008b700000|100%|HC|  |TAMS 0x000000008b600000, 0x000000008b600000| Complete 
| 183|0x000000008b700000, 0x000000008b800000, 0x000000008b800000|100%|HC|  |TAMS 0x000000008b700000, 0x000000008b700000| Complete 
| 184|0x000000008b800000, 0x000000008b900000, 0x000000008b900000|100%|HS|  |TAMS 0x000000008b800000, 0x000000008b800000| Complete 
| 185|0x000000008b900000, 0x000000008ba00000, 0x000000008ba00000|100%|HC|  |TAMS 0x000000008b900000, 0x000000008b900000| Complete 
| 186|0x000000008ba00000, 0x000000008bb00000, 0x000000008bb00000|100%|HS|  |TAMS 0x000000008ba00000, 0x000000008ba00000| Complete 
| 187|0x000000008bb00000, 0x000000008bc00000, 0x000000008bc00000|100%|HC|  |TAMS 0x000000008bb00000, 0x000000008bb00000| Complete 
| 188|0x000000008bc00000, 0x000000008bd00000, 0x000000008bd00000|100%|HC|  |TAMS 0x000000008bc00000, 0x000000008bc00000| Complete 
| 189|0x000000008bd00000, 0x000000008be00000, 0x000000008be00000|100%|HS|  |TAMS 0x000000008bd00000, 0x000000008bd00000| Complete 
| 190|0x000000008be00000, 0x000000008bf00000, 0x000000008bf00000|100%|HC|  |TAMS 0x000000008be00000, 0x000000008be00000| Complete 
| 191|0x000000008bf00000, 0x000000008c000000, 0x000000008c000000|100%|HS|  |TAMS 0x000000008bf00000, 0x000000008bf00000| Complete 
| 192|0x000000008c000000, 0x000000008c100000, 0x000000008c100000|100%|HC|  |TAMS 0x000000008c000000, 0x000000008c000000| Complete 
| 193|0x000000008c100000, 0x000000008c200000, 0x000000008c200000|100%|HC|  |TAMS 0x000000008c100000, 0x000000008c100000| Complete 
| 194|0x000000008c200000, 0x000000008c300000, 0x000000008c300000|100%| E|CS|TAMS 0x000000008c200000, 0x000000008c200000| Complete 
| 195|0x000000008c300000, 0x000000008c400000, 0x000000008c400000|100%| E|CS|TAMS 0x000000008c300000, 0x000000008c300000| Complete 
| 196|0x000000008c400000, 0x000000008c500000, 0x000000008c500000|100%| E|CS|TAMS 0x000000008c400000, 0x000000008c400000| Complete 
| 197|0x000000008c500000, 0x000000008c600000, 0x000000008c600000|100%| E|CS|TAMS 0x000000008c500000, 0x000000008c500000| Complete 
| 198|0x000000008c600000, 0x000000008c700000, 0x000000008c700000|100%| E|CS|TAMS 0x000000008c600000, 0x000000008c600000| Complete 
| 199|0x000000008c700000, 0x000000008c800000, 0x000000008c800000|100%| E|CS|TAMS 0x000000008c700000, 0x000000008c700000| Complete 
| 200|0x000000008c800000, 0x000000008c900000, 0x000000008c900000|100%| E|CS|TAMS 0x000000008c800000, 0x000000008c800000| Complete 
| 201|0x000000008c900000, 0x000000008ca00000, 0x000000008ca00000|100%| E|CS|TAMS 0x000000008c900000, 0x000000008c900000| Complete 
| 202|0x000000008ca00000, 0x000000008cb00000, 0x000000008cb00000|100%| E|CS|TAMS 0x000000008ca00000, 0x000000008ca00000| Complete 
| 203|0x000000008cb00000, 0x000000008cc00000, 0x000000008cc00000|100%| E|CS|TAMS 0x000000008cb00000, 0x000000008cb00000| Complete 
| 204|0x000000008cc00000, 0x000000008cd00000, 0x000000008cd00000|100%| E|CS|TAMS 0x000000008cc00000, 0x000000008cc00000| Complete 
| 205|0x000000008cd00000, 0x000000008ce00000, 0x000000008ce00000|100%| E|CS|TAMS 0x000000008cd00000, 0x000000008cd00000| Complete 
| 206|0x000000008ce00000, 0x000000008cf00000, 0x000000008cf00000|100%| E|CS|TAMS 0x000000008ce00000, 0x000000008ce00000| Complete 
| 207|0x000000008cf00000, 0x000000008d000000, 0x000000008d000000|100%| E|CS|TAMS 0x000000008cf00000, 0x000000008cf00000| Complete 
| 208|0x000000008d000000, 0x000000008d100000, 0x000000008d100000|100%| E|CS|TAMS 0x000000008d000000, 0x000000008d000000| Complete 
| 209|0x000000008d100000, 0x000000008d200000, 0x000000008d200000|100%| E|CS|TAMS 0x000000008d100000, 0x000000008d100000| Complete 
| 210|0x000000008d200000, 0x000000008d300000, 0x000000008d300000|100%| E|CS|TAMS 0x000000008d200000, 0x000000008d200000| Complete 
| 211|0x000000008d300000, 0x000000008d400000, 0x000000008d400000|100%| E|CS|TAMS 0x000000008d300000, 0x000000008d300000| Complete 
| 212|0x000000008d400000, 0x000000008d500000, 0x000000008d500000|100%| E|CS|TAMS 0x000000008d400000, 0x000000008d400000| Complete 

Card table byte_map: [0x0000020e34840000,0x0000020e34c40000] _byte_map_base: 0x0000020e34440000

Marking Bits (Prev, Next): (CMBitMap*) 0x0000020e1bd657b0, (CMBitMap*) 0x0000020e1bd657f0
 Prev Bits: [0x0000020e35040000, 0x0000020e37040000)
 Next Bits: [0x0000020e37040000, 0x0000020e39040000)

Polling page: 0x0000020e1bdd0000

Metaspace:

Usage:
  Non-class:     97.52 MB used.
      Class:     15.39 MB used.
       Both:    112.91 MB used.

Virtual space:
  Non-class space:      128.00 MB reserved,      98.56 MB ( 77%) committed,  2 nodes.
      Class space:        1.00 GB reserved,      16.44 MB (  2%) committed,  1 nodes.
             Both:        1.12 GB reserved,     115.00 MB ( 10%) committed. 

Chunk freelists:
   Non-Class:  971.00 KB
       Class:  3.57 MB
        Both:  4.52 MB

MaxMetaspaceSize: unlimited
CompressedClassSpaceSize: 1.00 GB
Initial GC threshold: 21.00 MB
Current GC threshold: 135.12 MB
CDS: on
MetaspaceReclaimPolicy: balanced
 - commit_granule_bytes: 65536.
 - commit_granule_words: 8192.
 - virtual_space_node_default_size: 8388608.
 - enlarge_chunks_in_place: 1.
 - new_chunks_are_fully_committed: 0.
 - uncommit_free_chunks: 1.
 - use_allocation_guard: 0.


Internal statistics:

num_allocs_failed_limit: 8.
num_arena_births: 3886.
num_arena_deaths: 0.
num_vsnodes_births: 3.
num_vsnodes_deaths: 0.
num_space_committed: 1840.
num_space_uncommitted: 0.
num_chunks_returned_to_freelist: 8.
num_chunks_taken_from_freelist: 9090.
num_chunk_merges: 6.
num_chunk_splits: 5974.
num_chunks_enlarged: 3845.
num_inconsistent_stats: 0.

CodeHeap 'non-profiled nmethods': size=120000Kb used=9769Kb max_used=9769Kb free=110230Kb
 bounds [0x0000020e2c8e0000, 0x0000020e2d270000, 0x0000020e33e10000]
CodeHeap 'profiled nmethods': size=120000Kb used=30391Kb max_used=30391Kb free=89609Kb
 bounds [0x0000020e253b0000, 0x0000020e27160000, 0x0000020e2c8e0000]
CodeHeap 'non-nmethods': size=5760Kb used=2484Kb max_used=2575Kb free=3275Kb
 bounds [0x0000020e24e10000, 0x0000020e250c0000, 0x0000020e253b0000]
 total_blobs=16817 nmethods=15793 adapters=935
 compilation: enabled
              stopped_count=0, restarted_count=0
 full_count=0

Compilation events (20 events):
Event: 3242.138 Thread 0x0000020e3b65b250 nmethod 19156 0x0000020e27151c10 code [0x0000020e27151e40, 0x0000020e27152608]
Event: 3242.223 Thread 0x0000020e3b632540 19157       4       com.sun.beans.TypeResolver::erase (156 bytes)
Event: 3242.227 Thread 0x0000020e3b632540 nmethod 19157 0x0000020e2d269610 code [0x0000020e2d2697e0, 0x0000020e2d269af0]
Event: 3242.743 Thread 0x0000020e3b632540 19158       4       groovy.lang.MetaMethod::isStatic (16 bytes)
Event: 3242.743 Thread 0x0000020e3b65b250 19159       3       java.util.stream.AbstractPipeline::exactOutputSizeIfKnown (86 bytes)
Event: 3242.743 Thread 0x0000020e3b632540 nmethod 19158 0x0000020e2d269e90 code [0x0000020e2d26a000, 0x0000020e2d26a098]
Event: 3242.744 Thread 0x0000020e3b65b250 nmethod 19159 0x0000020e27152990 code [0x0000020e27152b80, 0x0000020e27153238]
Event: 3243.235 Thread 0x0000020e3b65b250 19160       3       groovyjarjarasm.asm.ByteVector::put122 (93 bytes)
Event: 3243.236 Thread 0x0000020e3b65b250 nmethod 19160 0x0000020e27153490 code [0x0000020e27153640, 0x0000020e271538c8]
Event: 3243.236 Thread 0x0000020e3b65b250 19162       3       groovyjarjarasm.asm.SymbolTable::addConstantMemberReference (147 bytes)
Event: 3243.236 Thread 0x0000020e3b65b250 nmethod 19162 0x0000020e27153a90 code [0x0000020e27153d00, 0x0000020e271545e8]
Event: 3243.236 Thread 0x0000020e3b65b250 19161       3       groovyjarjarasm.asm.Frame::<init> (10 bytes)
Event: 3243.236 Thread 0x0000020e3b65b250 nmethod 19161 0x0000020e27154b10 code [0x0000020e27154ca0, 0x0000020e27154e58]
Event: 3243.236 Thread 0x0000020e3b65b250 19163       3       groovyjarjarasm.asm.MethodWriter::visitLabel (328 bytes)
Event: 3243.237 Thread 0x0000020e3b65b250 nmethod 19163 0x0000020e27154f10 code [0x0000020e27155180, 0x0000020e27155f08]
Event: 3243.237 Thread 0x0000020e3b65b250 19164       3       groovyjarjarasm.asm.MethodWriter::visitMethodInsn (191 bytes)
Event: 3243.238 Thread 0x0000020e3b65b250 nmethod 19164 0x0000020e27156190 code [0x0000020e271563c0, 0x0000020e27156bc8]
Event: 3243.238 Thread 0x0000020e3b65b250 19165       3       groovyjarjarasm.asm.Edge::<init> (20 bytes)
Event: 3243.238 Thread 0x0000020e3b65b250 nmethod 19165 0x0000020e27156f10 code [0x0000020e271570c0, 0x0000020e271572f8]
Event: 3243.484 Thread 0x0000020e3b632540 19166   !   4       sun.reflect.annotation.AnnotationParser::parseAnnotation2 (271 bytes)

GC Heap History (20 events):
Event: 744.739 GC heap before
{Heap before GC invocations=79 (full 0):
 garbage-first heap   total 176128K, used 154836K [0x0000000080000000, 0x0000000100000000)
  region size 1024K, 8 young (8192K), 1 survivors (1024K)
 Metaspace       used 107234K, committed 109312K, reserved 1179648K
  class space    used 14612K, committed 15680K, reserved 1048576K
}
Event: 744.742 GC heap after
{Heap after GC invocations=80 (full 0):
 garbage-first heap   total 176128K, used 147648K [0x0000000080000000, 0x0000000100000000)
  region size 1024K, 1 young (1024K), 1 survivors (1024K)
 Metaspace       used 107234K, committed 109312K, reserved 1179648K
  class space    used 14612K, committed 15680K, reserved 1048576K
}
Event: 744.806 GC heap before
{Heap before GC invocations=80 (full 0):
 garbage-first heap   total 176128K, used 154816K [0x0000000080000000, 0x0000000100000000)
  region size 1024K, 8 young (8192K), 1 survivors (1024K)
 Metaspace       used 107417K, committed 109440K, reserved 1179648K
  class space    used 14638K, committed 15680K, reserved 1048576K
}
Event: 744.810 GC heap after
{Heap after GC invocations=81 (full 0):
 garbage-first heap   total 218112K, used 148208K [0x0000000080000000, 0x0000000100000000)
  region size 1024K, 1 young (1024K), 1 survivors (1024K)
 Metaspace       used 107417K, committed 109440K, reserved 1179648K
  class space    used 14638K, committed 15680K, reserved 1048576K
}
Event: 745.659 GC heap before
{Heap before GC invocations=81 (full 0):
 garbage-first heap   total 218112K, used 186096K [0x0000000080000000, 0x0000000100000000)
  region size 1024K, 39 young (39936K), 1 survivors (1024K)
 Metaspace       used 110120K, committed 112128K, reserved 1179648K
  class space    used 15020K, committed 16064K, reserved 1048576K
}
Event: 745.668 GC heap after
{Heap after GC invocations=82 (full 0):
 garbage-first heap   total 218112K, used 152177K [0x0000000080000000, 0x0000000100000000)
  region size 1024K, 5 young (5120K), 5 survivors (5120K)
 Metaspace       used 110120K, committed 112128K, reserved 1179648K
  class space    used 15020K, committed 16064K, reserved 1048576K
}
Event: 747.261 GC heap before
{Heap before GC invocations=82 (full 0):
 garbage-first heap   total 218112K, used 185969K [0x0000000080000000, 0x0000000100000000)
  region size 1024K, 38 young (38912K), 5 survivors (5120K)
 Metaspace       used 111465K, committed 113472K, reserved 1179648K
  class space    used 15134K, committed 16192K, reserved 1048576K
}
Event: 747.267 GC heap after
{Heap after GC invocations=83 (full 0):
 garbage-first heap   total 218112K, used 151051K [0x0000000080000000, 0x0000000100000000)
  region size 1024K, 3 young (3072K), 3 survivors (3072K)
 Metaspace       used 111465K, committed 113472K, reserved 1179648K
  class space    used 15134K, committed 16192K, reserved 1048576K
}
Event: 748.883 GC heap before
{Heap before GC invocations=83 (full 0):
 garbage-first heap   total 218112K, used 185867K [0x0000000080000000, 0x0000000100000000)
  region size 1024K, 37 young (37888K), 3 survivors (3072K)
 Metaspace       used 113031K, committed 115072K, reserved 1179648K
  class space    used 15372K, committed 16448K, reserved 1048576K
}
Event: 748.886 GC heap after
{Heap after GC invocations=84 (full 0):
 garbage-first heap   total 218112K, used 149300K [0x0000000080000000, 0x0000000100000000)
  region size 1024K, 2 young (2048K), 2 survivors (2048K)
 Metaspace       used 113031K, committed 115072K, reserved 1179648K
  class space    used 15372K, committed 16448K, reserved 1048576K
}
Event: 749.588 GC heap before
{Heap before GC invocations=84 (full 0):
 garbage-first heap   total 218112K, used 162612K [0x0000000080000000, 0x0000000100000000)
  region size 1024K, 8 young (8192K), 2 survivors (2048K)
 Metaspace       used 113429K, committed 115520K, reserved 1179648K
  class space    used 15432K, committed 16512K, reserved 1048576K
}
Event: 749.593 GC heap after
{Heap after GC invocations=85 (full 0):
 garbage-first heap   total 218112K, used 159178K [0x0000000080000000, 0x0000000100000000)
  region size 1024K, 2 young (2048K), 2 survivors (2048K)
 Metaspace       used 113429K, committed 115520K, reserved 1179648K
  class space    used 15432K, committed 16512K, reserved 1048576K
}
Event: 749.934 GC heap before
{Heap before GC invocations=85 (full 0):
 garbage-first heap   total 218112K, used 170442K [0x0000000080000000, 0x0000000100000000)
  region size 1024K, 5 young (5120K), 2 survivors (2048K)
 Metaspace       used 113690K, committed 115712K, reserved 1179648K
  class space    used 15463K, committed 16512K, reserved 1048576K
}
Event: 749.938 GC heap after
{Heap after GC invocations=86 (full 0):
 garbage-first heap   total 218112K, used 149557K [0x0000000080000000, 0x0000000100000000)
  region size 1024K, 2 young (2048K), 2 survivors (2048K)
 Metaspace       used 113690K, committed 115712K, reserved 1179648K
  class space    used 15463K, committed 16512K, reserved 1048576K
}
Event: 1959.486 GC heap before
{Heap before GC invocations=86 (full 0):
 garbage-first heap   total 218112K, used 195637K [0x0000000080000000, 0x0000000100000000)
  region size 1024K, 38 young (38912K), 2 survivors (2048K)
 Metaspace       used 114700K, committed 116736K, reserved 1179648K
  class space    used 15587K, committed 16640K, reserved 1048576K
}
Event: 1959.492 GC heap after
{Heap after GC invocations=87 (full 0):
 garbage-first heap   total 218112K, used 149421K [0x0000000080000000, 0x0000000100000000)
  region size 1024K, 2 young (2048K), 2 survivors (2048K)
 Metaspace       used 114700K, committed 116736K, reserved 1179648K
  class space    used 15587K, committed 16640K, reserved 1048576K
}
Event: 3158.233 GC heap before
{Heap before GC invocations=87 (full 0):
 garbage-first heap   total 218112K, used 186285K [0x0000000080000000, 0x0000000100000000)
  region size 1024K, 31 young (31744K), 2 survivors (2048K)
 Metaspace       used 114964K, committed 117056K, reserved 1179648K
  class space    used 15630K, committed 16704K, reserved 1048576K
}
Event: 3161.056 GC heap after
{Heap after GC invocations=88 (full 0):
 garbage-first heap   total 218112K, used 159332K [0x0000000080000000, 0x0000000100000000)
  region size 1024K, 3 young (3072K), 3 survivors (3072K)
 Metaspace       used 114964K, committed 117056K, reserved 1179648K
  class space    used 15630K, committed 16704K, reserved 1048576K
}
Event: 3165.602 GC heap before
{Heap before GC invocations=88 (full 0):
 garbage-first heap   total 218112K, used 168548K [0x0000000080000000, 0x0000000100000000)
  region size 1024K, 7 young (7168K), 3 survivors (3072K)
 Metaspace       used 115059K, committed 117120K, reserved 1179648K
  class space    used 15645K, committed 16704K, reserved 1048576K
}
Event: 3165.609 GC heap after
{Heap after GC invocations=89 (full 0):
 garbage-first heap   total 218112K, used 169473K [0x0000000080000000, 0x0000000100000000)
  region size 1024K, 4 young (4096K), 4 survivors (4096K)
 Metaspace       used 115059K, committed 117120K, reserved 1179648K
  class space    used 15645K, committed 16704K, reserved 1048576K
}

Deoptimization events (20 events):
Event: 3178.068 Thread 0x0000020e4577ac50 Uncommon trap: trap_request=0xffffff45 fr.pc=0x0000020e2cec3398 relative=0x0000000000000838
Event: 3178.068 Thread 0x0000020e4577ac50 Uncommon trap: reason=unstable_if action=reinterpret pc=0x0000020e2cec3398 method=org.gradle.tooling.internal.provider.runner.PluginApplicationTracker.started(Lorg/gradle/internal/operations/BuildOperationDescriptor;Lorg/gradle/internal/operations/Operati
Event: 3178.141 Thread 0x0000020e4577ac50 DEOPT PACKING pc=0x0000020e2cec3398 sp=0x0000006f59ff9ef0
Event: 3178.141 Thread 0x0000020e4577ac50 DEOPT UNPACKING pc=0x0000020e24e623a3 sp=0x0000006f59ff9e90 mode 2
Event: 3184.278 Thread 0x0000020e4577ac50 Uncommon trap: trap_request=0xffffffc6 fr.pc=0x0000020e2cebf054 relative=0x00000000000007f4
Event: 3184.278 Thread 0x0000020e4577ac50 Uncommon trap: reason=bimorphic_or_optimized_type_check action=maybe_recompile pc=0x0000020e2cebf054 method=org.gradle.internal.operations.DefaultBuildOperationListenerManager$ProgressShieldingBuildOperationListener.finished(Lorg/gradle/internal/operation
Event: 3184.278 Thread 0x0000020e4577ac50 DEOPT PACKING pc=0x0000020e2cebf054 sp=0x0000006f59ff9fb0
Event: 3184.278 Thread 0x0000020e4577ac50 DEOPT UNPACKING pc=0x0000020e24e623a3 sp=0x0000006f59ff9f78 mode 2
Event: 3188.568 Thread 0x0000020e4577ac50 Uncommon trap: trap_request=0xffffffc6 fr.pc=0x0000020e2cebf054 relative=0x00000000000007f4
Event: 3188.568 Thread 0x0000020e4577ac50 Uncommon trap: reason=bimorphic_or_optimized_type_check action=maybe_recompile pc=0x0000020e2cebf054 method=org.gradle.internal.operations.DefaultBuildOperationListenerManager$ProgressShieldingBuildOperationListener.finished(Lorg/gradle/internal/operation
Event: 3188.568 Thread 0x0000020e4577ac50 DEOPT PACKING pc=0x0000020e2cebf054 sp=0x0000006f59ff9280
Event: 3188.568 Thread 0x0000020e4577ac50 DEOPT UNPACKING pc=0x0000020e24e623a3 sp=0x0000006f59ff9248 mode 2
Event: 3188.616 Thread 0x0000020e4577ac50 Uncommon trap: trap_request=0xffffffc6 fr.pc=0x0000020e2cebf054 relative=0x00000000000007f4
Event: 3188.616 Thread 0x0000020e4577ac50 Uncommon trap: reason=bimorphic_or_optimized_type_check action=maybe_recompile pc=0x0000020e2cebf054 method=org.gradle.internal.operations.DefaultBuildOperationListenerManager$ProgressShieldingBuildOperationListener.finished(Lorg/gradle/internal/operation
Event: 3188.616 Thread 0x0000020e4577ac50 DEOPT PACKING pc=0x0000020e2cebf054 sp=0x0000006f59ff9410
Event: 3188.617 Thread 0x0000020e4577ac50 DEOPT UNPACKING pc=0x0000020e24e623a3 sp=0x0000006f59ff93d8 mode 2
Event: 3227.261 Thread 0x0000020e4577ac50 DEOPT PACKING pc=0x0000020e27125901 sp=0x0000006f59ff87e0
Event: 3227.261 Thread 0x0000020e4577ac50 DEOPT UNPACKING pc=0x0000020e24e62b43 sp=0x0000006f59ff7d50 mode 0
Event: 3242.022 Thread 0x0000020e4577ac50 DEOPT PACKING pc=0x0000020e254ac971 sp=0x0000006f59ff8620
Event: 3242.022 Thread 0x0000020e4577ac50 DEOPT UNPACKING pc=0x0000020e24e62b43 sp=0x0000006f59ff7a80 mode 0

Classes loaded (20 events):
Event: 749.921 Loading class java/util/concurrent/ForkJoinTask$AdaptedRunnableAction
Event: 749.934 Loading class java/util/concurrent/ForkJoinTask$AdaptedRunnableAction done
Event: 749.990 Loading class sun/security/rsa/RSACore$BlindingParameters
Event: 750.017 Loading class sun/security/rsa/RSACore$BlindingParameters done
Event: 750.017 Loading class sun/security/jca/JCAUtil$CachedSecureRandomHolder
Event: 750.017 Loading class sun/security/jca/JCAUtil$CachedSecureRandomHolder done
Event: 750.020 Loading class sun/security/rsa/RSACore$BlindingRandomPair
Event: 750.020 Loading class sun/security/rsa/RSACore$BlindingRandomPair done
Event: 750.851 Loading class javax/management/InstanceAlreadyExistsException
Event: 750.851 Loading class javax/management/InstanceAlreadyExistsException done
Event: 750.851 Loading class javax/management/MBeanRegistrationException
Event: 750.851 Loading class javax/management/MBeanRegistrationException done
Event: 750.851 Loading class javax/management/NotCompliantMBeanException
Event: 750.851 Loading class javax/management/NotCompliantMBeanException done
Event: 752.965 Loading class java/util/Locale$1
Event: 752.965 Loading class java/util/Locale$1 done
Event: 3144.914 Loading class java/net/UrlDeserializedState
Event: 3144.939 Loading class java/net/UrlDeserializedState done
Event: 3172.348 Loading class java/util/concurrent/Executors$FinalizableDelegatedExecutorService
Event: 3172.413 Loading class java/util/concurrent/Executors$FinalizableDelegatedExecutorService done

Classes unloaded (0 events):
No events

Classes redefined (0 events):
No events

Internal exceptions (20 events):
Event: 3207.543 Thread 0x0000020e4577ac50 Exception <a 'java/lang/ClassNotFoundException'{0x000000008caf4018}: ijinit_aa1xjgle5wfhynyd322nbkvxuBeanInfo> (0x000000008caf4018) 
thrown [s\open\src\hotspot\share\classfile\systemDictionary.cpp, line 255]
Event: 3207.902 Thread 0x0000020e4577ac50 Exception <a 'java/lang/ClassNotFoundException'{0x000000008cafa5f0}: ijinit_aa1xjgle5wfhynyd322nbkvxuCustomizer> (0x000000008cafa5f0) 
thrown [s\open\src\hotspot\share\classfile\systemDictionary.cpp, line 255]
Event: 3209.363 Thread 0x0000020e4577ac50 Exception <a 'java/lang/ClassNotFoundException'{0x000000008c9372b8}: ijinit_aa1xjgle5wfhynyd322nbkvxu$_run_closure1BeanInfo> (0x000000008c9372b8) 
thrown [s\open\src\hotspot\share\classfile\systemDictionary.cpp, line 255]
Event: 3209.363 Thread 0x0000020e4577ac50 Exception <a 'java/lang/ClassNotFoundException'{0x000000008c93e0f8}: ijinit_aa1xjgle5wfhynyd322nbkvxu$_run_closure1Customizer> (0x000000008c93e0f8) 
thrown [s\open\src\hotspot\share\classfile\systemDictionary.cpp, line 255]
Event: 3221.017 Thread 0x0000020e4577ac50 Exception <a 'java/lang/ClassNotFoundException'{0x000000008c866d38}: ijinit_aa1xjgle5wfhynyd322nbkvxuBeanInfo> (0x000000008c866d38) 
thrown [s\open\src\hotspot\share\classfile\systemDictionary.cpp, line 255]
Event: 3221.017 Thread 0x0000020e4577ac50 Exception <a 'java/lang/ClassNotFoundException'{0x000000008c86d2b0}: ijinit_aa1xjgle5wfhynyd322nbkvxuCustomizer> (0x000000008c86d2b0) 
thrown [s\open\src\hotspot\share\classfile\systemDictionary.cpp, line 255]
Event: 3235.981 Thread 0x0000020e4577ac50 Exception <a 'java/lang/ClassNotFoundException'{0x000000008c68bfb8}: JetGradlePluginBeanInfo> (0x000000008c68bfb8) 
thrown [s\open\src\hotspot\share\classfile\systemDictionary.cpp, line 255]
Event: 3235.982 Thread 0x0000020e4577ac50 Exception <a 'java/lang/ClassNotFoundException'{0x000000008c696ed0}: JetGradlePluginCustomizer> (0x000000008c696ed0) 
thrown [s\open\src\hotspot\share\classfile\systemDictionary.cpp, line 255]
Event: 3236.418 Thread 0x0000020e4577ac50 Exception <a 'java/lang/ClassNotFoundException'{0x000000008c6d6158}: org/jetbrains/plugins/gradle/model/internal/DummyModelBeanInfo> (0x000000008c6d6158) 
thrown [s\open\src\hotspot\share\classfile\systemDictionary.cpp, line 255]
Event: 3236.419 Thread 0x0000020e4577ac50 Exception <a 'java/lang/ClassNotFoundException'{0x000000008c6e1558}: org/jetbrains/plugins/gradle/model/internal/DummyModelCustomizer> (0x000000008c6e1558) 
thrown [s\open\src\hotspot\share\classfile\systemDictionary.cpp, line 255]
Event: 3238.377 Thread 0x0000020e4577ac50 Exception <a 'java/lang/ClassNotFoundException'{0x000000008c51c028}: org/gradle/tooling/provider/model/internal/DefaultToolingModelBuilderRegistryBeanInfo> (0x000000008c51c028) 
thrown [s\open\src\hotspot\share\classfile\systemDictionary.cpp, line 255]
Event: 3238.508 Thread 0x0000020e4577ac50 Exception <a 'java/lang/ClassNotFoundException'{0x000000008c530aa8}: org/gradle/tooling/provider/model/internal/DefaultToolingModelBuilderRegistryCustomizer> (0x000000008c530aa8) 
thrown [s\open\src\hotspot\share\classfile\systemDictionary.cpp, line 255]
Event: 3242.119 Thread 0x0000020e4577ac50 Exception <a 'java/lang/ClassNotFoundException'{0x000000008c5a3d80}: org/gradle/internal/service/scopes/GradleScopeServicesBeanInfo> (0x000000008c5a3d80) 
thrown [s\open\src\hotspot\share\classfile\systemDictionary.cpp, line 255]
Event: 3242.137 Thread 0x0000020e4577ac50 Exception <a 'java/lang/ClassNotFoundException'{0x000000008c5b7d18}: org/gradle/internal/service/DefaultServiceRegistryBeanInfo> (0x000000008c5b7d18) 
thrown [s\open\src\hotspot\share\classfile\systemDictionary.cpp, line 255]
Event: 3242.138 Thread 0x0000020e4577ac50 Exception <a 'java/lang/ClassNotFoundException'{0x000000008c5cbfb8}: org/gradle/internal/service/DefaultServiceRegistryCustomizer> (0x000000008c5cbfb8) 
thrown [s\open\src\hotspot\share\classfile\systemDictionary.cpp, line 255]
Event: 3242.260 Thread 0x0000020e4577ac50 Exception <a 'java/lang/ClassNotFoundException'{0x000000008c5eef40}: org/gradle/internal/service/scopes/GradleScopeServicesCustomizer> (0x000000008c5eef40) 
thrown [s\open\src\hotspot\share\classfile\systemDictionary.cpp, line 255]
Event: 3242.947 Thread 0x0000020e4577ac50 Exception <a 'java/lang/ClassNotFoundException'{0x000000008c41b458}: org/gradle/util/GradleVersionBeanInfo> (0x000000008c41b458) 
thrown [s\open\src\hotspot\share\classfile\systemDictionary.cpp, line 255]
Event: 3242.947 Thread 0x0000020e4577ac50 Exception <a 'java/lang/ClassNotFoundException'{0x000000008c42e758}: org/gradle/util/GradleVersionCustomizer> (0x000000008c42e758) 
thrown [s\open\src\hotspot\share\classfile\systemDictionary.cpp, line 255]
Event: 3243.482 Thread 0x0000020e4577ac50 Exception <a 'java/lang/ClassNotFoundException'{0x000000008c46baa0}: org/gradle/util/internal/DefaultGradleVersionBeanInfo> (0x000000008c46baa0) 
thrown [s\open\src\hotspot\share\classfile\systemDictionary.cpp, line 255]
Event: 3243.482 Thread 0x0000020e4577ac50 Exception <a 'java/lang/ClassNotFoundException'{0x000000008c47f9e0}: org/gradle/util/internal/DefaultGradleVersionCustomizer> (0x000000008c47f9e0) 
thrown [s\open\src\hotspot\share\classfile\systemDictionary.cpp, line 255]

VM Operations (20 events):
Event: 3188.038 Executing VM operation: Cleanup
Event: 3188.038 Executing VM operation: Cleanup done
Event: 3189.038 Executing VM operation: Cleanup
Event: 3189.038 Executing VM operation: Cleanup done
Event: 3193.076 Executing VM operation: Cleanup
Event: 3193.076 Executing VM operation: Cleanup done
Event: 3199.130 Executing VM operation: Cleanup
Event: 3199.301 Executing VM operation: Cleanup done
Event: 3209.382 Executing VM operation: Cleanup
Event: 3209.463 Executing VM operation: Cleanup done
Event: 3210.472 Executing VM operation: Cleanup
Event: 3210.473 Executing VM operation: Cleanup done
Event: 3221.543 Executing VM operation: Cleanup
Event: 3221.661 Executing VM operation: Cleanup done
Event: 3234.777 Executing VM operation: Cleanup
Event: 3235.404 Executing VM operation: Cleanup done
Event: 3237.414 Executing VM operation: Cleanup
Event: 3238.039 Executing VM operation: Cleanup done
Event: 3243.079 Executing VM operation: Cleanup
Event: 3243.438 Executing VM operation: Cleanup done

Events (20 events):
Event: 869.963 Thread 0x0000020e4577ac50 Thread exited: 0x0000020e4577ac50
Event: 929.964 Thread 0x0000020e4577f480 Thread exited: 0x0000020e4577f480
Event: 3143.830 Thread 0x0000020e4577b5f0 Thread added: 0x0000020e4577b5f0
Event: 3143.832 Thread 0x0000020e457785d0 Thread added: 0x0000020e457785d0
Event: 3145.746 Thread 0x0000020e4577ce00 Thread added: 0x0000020e4577ce00
Event: 3145.787 Thread 0x0000020e4577ac50 Thread added: 0x0000020e4577ac50
Event: 3145.817 Thread 0x0000020e4577bf90 Thread added: 0x0000020e4577bf90
Event: 3145.940 Thread 0x0000020e4577c460 Thread added: 0x0000020e4577c460
Event: 3145.966 Thread 0x0000020e4577c930 Thread added: 0x0000020e4577c930
Event: 3152.300 Thread 0x0000020e3b65fb60 flushing nmethod 0x0000020e25793790
Event: 3152.303 Thread 0x0000020e3b65fb60 flushing nmethod 0x0000020e25c55b10
Event: 3152.322 Thread 0x0000020e3b65fb60 flushing nmethod 0x0000020e26c2fe10
Event: 3152.322 Thread 0x0000020e3b65fb60 flushing nmethod 0x0000020e26c31310
Event: 3152.326 Thread 0x0000020e3b65fb60 flushing nmethod 0x0000020e26e80c90
Event: 3152.326 Thread 0x0000020e3b65fb60 flushing nmethod 0x0000020e26ea6190
Event: 3176.366 Thread 0x0000020e4577d2d0 Thread added: 0x0000020e4577d2d0
Event: 3176.667 Thread 0x0000020e4577e140 Thread added: 0x0000020e4577e140
Event: 3177.138 Thread 0x0000020e4577e610 Thread added: 0x0000020e4577e610
Event: 3177.343 Thread 0x0000020e4577eae0 Thread added: 0x0000020e4577eae0
Event: 3205.945 Thread 0x0000020e4577c460 Thread exited: 0x0000020e4577c460


Dynamic libraries:
0x00007ff68e280000 - 0x00007ff68e290000 	C:\Program Files\Java\jdk-18.0.2.1\bin\java.exe
0x00007ffd844b0000 - 0x00007ffd846a8000 	C:\WINDOWS\SYSTEM32\ntdll.dll
0x00007ffd82e00000 - 0x00007ffd82ebf000 	C:\WINDOWS\System32\KERNEL32.DLL
0x00007ffd81e70000 - 0x00007ffd82166000 	C:\WINDOWS\System32\KERNELBASE.dll
0x00007ffd822c0000 - 0x00007ffd823c0000 	C:\WINDOWS\System32\ucrtbase.dll
0x00007ffd5dde0000 - 0x00007ffd5ddf8000 	C:\Program Files\Java\jdk-18.0.2.1\bin\jli.dll
0x00007ffd82cd0000 - 0x00007ffd82d7f000 	C:\WINDOWS\System32\ADVAPI32.dll
0x00007ffd82a70000 - 0x00007ffd82b0e000 	C:\WINDOWS\System32\msvcrt.dll
0x00007ffd82680000 - 0x00007ffd8271c000 	C:\WINDOWS\System32\sechost.dll
0x00007ffd82fd0000 - 0x00007ffd830f6000 	C:\WINDOWS\System32\RPCRT4.dll
0x00007ffd83a40000 - 0x00007ffd83bdd000 	C:\WINDOWS\System32\USER32.dll
0x00007ffd824e0000 - 0x00007ffd82502000 	C:\WINDOWS\System32\win32u.dll
0x00007ffd825f0000 - 0x00007ffd8261c000 	C:\WINDOWS\System32\GDI32.dll
0x00007ffd823c0000 - 0x00007ffd824d5000 	C:\WINDOWS\System32\gdi32full.dll
0x00007ffd63950000 - 0x00007ffd63bea000 	C:\WINDOWS\WinSxS\amd64_microsoft.windows.common-controls_6595b64144ccf1df_6.0.19041.1110_none_60b5254171f9507e\COMCTL32.dll
0x00007ffd82220000 - 0x00007ffd822bd000 	C:\WINDOWS\System32\msvcp_win.dll
0x00007ffd787f0000 - 0x00007ffd787fa000 	C:\WINDOWS\SYSTEM32\VERSION.dll
0x00007ffd5d920000 - 0x00007ffd5d93a000 	C:\Program Files\Java\jdk-18.0.2.1\bin\VCRUNTIME140.dll
0x00007ffd82720000 - 0x00007ffd82750000 	C:\WINDOWS\System32\IMM32.DLL
0x00007ffd65a50000 - 0x00007ffd65a5c000 	C:\Program Files\Java\jdk-18.0.2.1\bin\vcruntime140_1.dll
0x00007ffd48860000 - 0x00007ffd488ed000 	C:\Program Files\Java\jdk-18.0.2.1\bin\msvcp140.dll
0x00007ffd27ba0000 - 0x00007ffd287b1000 	C:\Program Files\Java\jdk-18.0.2.1\bin\server\jvm.dll
0x00007ffd82b10000 - 0x00007ffd82b18000 	C:\WINDOWS\System32\PSAPI.DLL
0x00007ffd70730000 - 0x00007ffd70739000 	C:\WINDOWS\SYSTEM32\WSOCK32.dll
0x00007ffd70300000 - 0x00007ffd70327000 	C:\WINDOWS\SYSTEM32\WINMM.dll
0x00007ffd82d80000 - 0x00007ffd82deb000 	C:\WINDOWS\System32\WS2_32.dll
0x00007ffd803d0000 - 0x00007ffd803e2000 	C:\WINDOWS\SYSTEM32\kernel.appcore.dll
0x00007ffd65320000 - 0x00007ffd6532a000 	C:\Program Files\Java\jdk-18.0.2.1\bin\jimage.dll
0x00007ffd78800000 - 0x00007ffd789e4000 	C:\WINDOWS\SYSTEM32\DBGHELP.DLL
0x00007ffd6c190000 - 0x00007ffd6c1c4000 	C:\WINDOWS\SYSTEM32\dbgcore.DLL
0x00007ffd81d60000 - 0x00007ffd81de2000 	C:\WINDOWS\System32\bcryptPrimitives.dll
0x00007ffd54a00000 - 0x00007ffd54a25000 	C:\Program Files\Java\jdk-18.0.2.1\bin\java.dll
0x00007ffd47590000 - 0x00007ffd47666000 	C:\Program Files\Java\jdk-18.0.2.1\bin\jsvml.dll
0x00007ffd83be0000 - 0x00007ffd84324000 	C:\WINDOWS\System32\SHELL32.dll
0x00007ffd7fbf0000 - 0x00007ffd80383000 	C:\WINDOWS\SYSTEM32\windows.storage.dll
0x00007ffd836e0000 - 0x00007ffd83a34000 	C:\WINDOWS\System32\combase.dll
0x00007ffd81430000 - 0x00007ffd8145e000 	C:\WINDOWS\SYSTEM32\Wldp.dll
0x00007ffd835d0000 - 0x00007ffd8367d000 	C:\WINDOWS\System32\SHCORE.dll
0x00007ffd83100000 - 0x00007ffd83155000 	C:\WINDOWS\System32\shlwapi.dll
0x00007ffd81ad0000 - 0x00007ffd81aef000 	C:\WINDOWS\SYSTEM32\profapi.dll
0x00007ffd5c430000 - 0x00007ffd5c443000 	C:\Program Files\Java\jdk-18.0.2.1\bin\net.dll
0x00007ffd76170000 - 0x00007ffd7627a000 	C:\WINDOWS\SYSTEM32\WINHTTP.dll
0x00007ffd81210000 - 0x00007ffd8127a000 	C:\WINDOWS\system32\mswsock.dll
0x00007ffd59690000 - 0x00007ffd596a6000 	C:\Program Files\Java\jdk-18.0.2.1\bin\nio.dll
0x00007ffd59380000 - 0x00007ffd59398000 	C:\Program Files\Java\jdk-18.0.2.1\bin\zip.dll
0x00007ffd64e20000 - 0x00007ffd64e30000 	C:\Program Files\Java\jdk-18.0.2.1\bin\verify.dll
0x00007ffd58190000 - 0x00007ffd581b7000 	C:\Users\HP\.gradle\native\e1d6ef7f7dcc3fd88c89a11ec53ec762bb8ba0a96d01ffa2cd45eb1d1d8dd5c5\windows-amd64\native-platform.dll
0x00007ffd471a0000 - 0x00007ffd472e4000 	C:\Users\HP\.gradle\native\0d407fdbe67a94daf76414ababcb853783967236a71b16ec16e742cd7a986fd3\windows-amd64\native-platform-file-events.dll
0x00007ffd64c20000 - 0x00007ffd64c29000 	C:\Program Files\Java\jdk-18.0.2.1\bin\management.dll
0x00007ffd62a90000 - 0x00007ffd62a9b000 	C:\Program Files\Java\jdk-18.0.2.1\bin\management_ext.dll
0x00007ffd815d0000 - 0x00007ffd815e8000 	C:\WINDOWS\SYSTEM32\CRYPTSP.dll
0x00007ffd80b50000 - 0x00007ffd80b84000 	C:\WINDOWS\system32\rsaenh.dll
0x00007ffd81e40000 - 0x00007ffd81e67000 	C:\WINDOWS\System32\bcrypt.dll
0x00007ffd81a20000 - 0x00007ffd81a4e000 	C:\WINDOWS\SYSTEM32\USERENV.dll
0x00007ffd813a0000 - 0x00007ffd813ac000 	C:\WINDOWS\SYSTEM32\CRYPTBASE.dll
0x00007ffd80f20000 - 0x00007ffd80f5c000 	C:\WINDOWS\SYSTEM32\IPHLPAPI.DLL
0x00007ffd82df0000 - 0x00007ffd82df8000 	C:\WINDOWS\System32\NSI.dll
0x00007ffd77040000 - 0x00007ffd77057000 	C:\WINDOWS\SYSTEM32\dhcpcsvc6.DLL
0x00007ffd77c40000 - 0x00007ffd77c5d000 	C:\WINDOWS\SYSTEM32\dhcpcsvc.DLL
0x00007ffd80f60000 - 0x00007ffd8102b000 	C:\WINDOWS\SYSTEM32\DNSAPI.dll
0x00007ffd5b770000 - 0x00007ffd5b787000 	C:\WINDOWS\system32\napinsp.dll
0x00007ffd5b640000 - 0x00007ffd5b65b000 	C:\WINDOWS\system32\pnrpnsp.dll
0x00007ffd5ffd0000 - 0x00007ffd5ffe5000 	C:\WINDOWS\system32\wshbth.dll
0x00007ffd78450000 - 0x00007ffd7846d000 	C:\WINDOWS\system32\NLAapi.dll
0x00007ffd5ff60000 - 0x00007ffd5ff72000 	C:\WINDOWS\System32\winrnr.dll
0x00007ffd74bb0000 - 0x00007ffd74bba000 	C:\Windows\System32\rasadhlp.dll
0x00007ffd75e30000 - 0x00007ffd75eb2000 	C:\WINDOWS\System32\fwpuclnt.dll
0x00007ffd80be0000 - 0x00007ffd80c13000 	C:\WINDOWS\SYSTEM32\ntmarta.dll
0x00007ffd7ed50000 - 0x00007ffd7ed6e000 	C:\Users\HP\AppData\Local\Temp\native-platform11013416139233347195dir\native-platform.dll

dbghelp: loaded successfully - version: 4.0.5 - missing functions: none
symbol engine: initialized successfully - sym options: 0x614 - pdb path: .;C:\Program Files\Java\jdk-18.0.2.1\bin;C:\WINDOWS\SYSTEM32;C:\WINDOWS\WinSxS\amd64_microsoft.windows.common-controls_6595b64144ccf1df_6.0.19041.1110_none_60b5254171f9507e;C:\Program Files\Java\jdk-18.0.2.1\bin\server;C:\Users\HP\.gradle\native\e1d6ef7f7dcc3fd88c89a11ec53ec762bb8ba0a96d01ffa2cd45eb1d1d8dd5c5\windows-amd64;C:\Users\HP\.gradle\native\0d407fdbe67a94daf76414ababcb853783967236a71b16ec16e742cd7a986fd3\windows-amd64;C:\Users\HP\AppData\Local\Temp\native-platform11013416139233347195dir

VM Arguments:
jvm_args: --add-opens=java.base/java.util=ALL-UNNAMED --add-opens=java.base/java.lang=ALL-UNNAMED --add-opens=java.base/java.lang.invoke=ALL-UNNAMED --add-opens=java.base/java.util=ALL-UNNAMED --add-opens=java.prefs/java.util.prefs=ALL-UNNAMED --add-opens=java.prefs/java.util.prefs=ALL-UNNAMED --add-opens=java.base/java.nio.charset=ALL-UNNAMED --add-opens=java.base/java.net=ALL-UNNAMED --add-opens=java.base/java.util.concurrent.atomic=ALL-UNNAMED -Xmx2048m -Dfile.encoding=UTF-8 -Duser.country=US -Duser.language=en -Duser.variant 
java_command: org.gradle.launcher.daemon.bootstrap.GradleDaemon 7.5
java_class_path (initial): C:\Users\HP\.gradle\wrapper\dists\gradle-7.5-bin\f1w0cc9nuo0eivz97x2xlu9sv\gradle-7.5\lib\gradle-launcher-7.5.jar
Launcher Type: SUN_STANDARD

[Global flags]
     intx CICompilerCount                          = 3                                         {product} {ergonomic}
     uint ConcGCThreads                            = 1                                         {product} {ergonomic}
     uint G1ConcRefinementThreads                  = 4                                         {product} {ergonomic}
   size_t G1HeapRegionSize                         = 1048576                                   {product} {ergonomic}
    uintx GCDrainStackTargetSize                   = 64                                        {product} {ergonomic}
   size_t InitialHeapSize                          = 134217728                                 {product} {ergonomic}
   size_t MarkStackSize                            = 4194304                                   {product} {ergonomic}
   size_t MaxHeapSize                              = 2147483648                                {product} {command line}
   size_t MaxNewSize                               = 1287651328                                {product} {ergonomic}
   size_t MinHeapDeltaBytes                        = 1048576                                   {product} {ergonomic}
   size_t MinHeapSize                              = 8388608                                   {product} {ergonomic}
    uintx NonNMethodCodeHeapSize                   = 5832780                                {pd product} {ergonomic}
    uintx NonProfiledCodeHeapSize                  = 122912730                              {pd product} {ergonomic}
    uintx ProfiledCodeHeapSize                     = 122912730                              {pd product} {ergonomic}
    uintx ReservedCodeCacheSize                    = 251658240                              {pd product} {ergonomic}
     bool SegmentedCodeCache                       = true                                      {product} {ergonomic}
   size_t SoftMaxHeapSize                          = 2147483648                             {manageable} {ergonomic}
     bool UseCompressedClassPointers               = true                           {product lp64_product} {ergonomic}
     bool UseCompressedOops                        = true                           {product lp64_product} {ergonomic}
     bool UseG1GC                                  = true                                      {product} {ergonomic}
     bool UseLargePagesIndividualAllocation        = false                                  {pd product} {ergonomic}

Logging:
Log output configuration:
 #0: stdout all=warning uptime,level,tags foldmultilines=false
 #1: stderr all=off uptime,level,tags foldmultilines=false

Environment Variables:
JAVA_HOME=C:\Program Files\Java\jdk-19
PATH=C:\Program Files (x86)\Windows Resource Kits\Tools\;C:\Program Files\Common Files\Oracle\Java\javapath;C:\Users\HP\Downloads\Compressed\winlibs-x86_64-posix-seh-gcc-12.2.0-llvm-14.0.6-mingw-w64ucrt-10.0.0-r2\mingw64\bin;C:\Program Files (x86)\Common Files\Intel\Shared Files\cpp\bin\Intel64;C:\Program Files\Java\jdk-19\bin;C:\Program Files (x86)\Common Files\Oracle\Java\javapath;C:\WINDOWS\system32;C:\WINDOWS;C:\WINDOWS\System32\Wbem;C:\WINDOWS\System32\WindowsPowerShell\v1.0\;C:\WINDOWS\System32\OpenSSH\;C:\Program Files (x86)\ZeroTier\One\;C:\Program Files\Maven\apache-maven-3.8.4\bin;C:\Program Files\dotnet\;C:\Shortcuts;C:\Program Files (x86)\Syncplay;C:\Program Files\mpv;C:\Users\HP\AppData\Local\Android\Sdk\platform-tools;C:\Users\HP\AppData\Roaming\nvm;C:\Program Files\nodejs;C:\Users\HP;C:\xampp\php;C:\ProgramData\ComposerSetup\bin;C:\Program Files (x86)\Intel\Intel(R) Management Engine Components\DAL;C:\Program Files\Intel\Intel(R) Management Engine Components\DAL;C:\Users\HP\AppData\Roaming\Python\Python311\Scripts;C:\ProgramData\chocolatey\bin;C:\Program Files\Git\cmd;C:\Users\HP\Downloads\Programs\SysinternalsSuite;C:\Program Files\PowerShell\7\;C:\Users\HP\.pyenv\pyenv-win\bin;C:\Users\HP\.pyenv\pyenv-win\shims;C:\Users\HP\AppData\Local\Programs\Python\Python311\Scripts\;C:\Users\HP\AppData\Local\Programs\Python\Python311\;C:\Users\HP\scoop\shims;C:\Users\HP\AppData\Local\Microsoft\WindowsApps;C:\Users\HP\.dotnet\tools;C:\Program Files\JetBrains\IntelliJ IDEA Community Edition 2022.2.2\bin;C:\Users\HP\AppData\Local\Programs\Fiddler;C:\Users\HP\AppData\Local\spicetify;C:\Users\HP\AppData\Local\Programs\Microsoft VS Code\bin
USERNAME=HP
OS=Windows_NT
PROCESSOR_IDENTIFIER=Intel64 Family 6 Model 78 Stepping 3, GenuineIntel



---------------  S Y S T E M  ---------------

OS:
 Windows 10 , 64 bit Build 19041 (10.0.19041.2913)
OS uptime: 3 days 5:27 hours
Hyper-V role detected

CPU: total 4 (initial active 4) (2 cores per cpu, 2 threads per core) family 6 model 78 stepping 3 microcode 0xf0, cx8, cmov, fxsr, ht, mmx, 3dnowpref, sse, sse2, sse3, ssse3, sse4.1, sse4.2, popcnt, lzcnt, tsc, tscinvbit, avx, avx2, aes, erms, clmul, bmi1, bmi2, adx, fma, vzeroupper, clflush, clflushopt, hv

Memory: 4k page, system-wide physical 8088M (155M free)
TotalPageFile size 12184M (AvailPageFile size 9M)
current process WorkingSet (physical memory assigned to process): 348M, peak: 484M
current process commit charge ("private bytes"): 534M, peak: 548M

vm_info: Java HotSpot(TM) 64-Bit Server VM (18.0.2.1+1-1) for windows-amd64 JRE (18.0.2.1+1-1), built on Aug 16 2022 01:46:33 by "mach5one" with MS VC++ 16.8 / 16.9 (VS2019)

END.
